\BOOKMARK [1][-]{section.1}{Einf\374hrung}{}% 1
\BOOKMARK [2][-]{subsection.1.1}{Ziele}{section.1}% 2
\BOOKMARK [2][-]{subsection.1.2}{Voraussetzungen}{section.1}% 3
\BOOKMARK [2][-]{subsection.1.3}{Aufgabenstellung}{section.1}% 4
\BOOKMARK [1][-]{section.2}{Implementation}{}% 5
\BOOKMARK [2][-]{subsection.2.1}{Firebase Projekt erstellen}{section.2}% 6
\BOOKMARK [2][-]{subsection.2.2}{Adroid App Projekt erstellen}{section.2}% 7
\BOOKMARK [2][-]{subsection.2.3}{Firebase mit Projekt verbinden}{section.2}% 8
\BOOKMARK [2][-]{subsection.2.4}{Firebase auf Testverion setzen}{section.2}% 9
\BOOKMARK [2][-]{subsection.2.5}{build.Gradle}{section.2}% 10
\BOOKMARK [2][-]{subsection.2.6}{Internetzugriff}{section.2}% 11
\BOOKMARK [2][-]{subsection.2.7}{Strings.xml}{section.2}% 12
\BOOKMARK [2][-]{subsection.2.8}{Main Activity}{section.2}% 13
\BOOKMARK [3][-]{subsubsection.2.8.1}{Main Activity Layout}{subsection.2.8}% 14
\BOOKMARK [3][-]{subsubsection.2.8.2}{Main Activity Java}{subsection.2.8}% 15
\BOOKMARK [2][-]{subsection.2.9}{RecyclerView}{section.2}% 16
\BOOKMARK [3][-]{subsubsection.2.9.1}{RecyclerViewHolders.java}{subsection.2.9}% 17
\BOOKMARK [2][-]{subsection.2.10}{List View}{section.2}% 18
\BOOKMARK [3][-]{subsubsection.2.10.1}{Custom Icons}{subsection.2.10}% 19
\BOOKMARK [2][-]{subsection.2.11}{Task}{section.2}% 20
\BOOKMARK [1][-]{section.3}{Ausf\374hren}{}% 21
\BOOKMARK [2][-]{subsection.3.1}{Emulator}{section.3}% 22
\BOOKMARK [2][-]{subsection.3.2}{Firebase Konsole}{section.3}% 23
\BOOKMARK [2][-]{subsection.3.3}{APK}{section.3}% 24
