\BOOKMARK [1][-]{section.1}{Einf\374hrung}{}% 1
\BOOKMARK [2][-]{subsection.1.1}{Ziele}{section.1}% 2
\BOOKMARK [2][-]{subsection.1.2}{Voraussetzungen}{section.1}% 3
\BOOKMARK [2][-]{subsection.1.3}{Aufgabenstellung}{section.1}% 4
\BOOKMARK [1][-]{section.2}{Vergleich Schnittstellen}{}% 5
\BOOKMARK [2][-]{subsection.2.1}{Firebase}{section.2}% 6
\BOOKMARK [2][-]{subsection.2.2}{Parse Server}{section.2}% 7
\BOOKMARK [2][-]{subsection.2.3}{DeltaDB}{section.2}% 8
\BOOKMARK [1][-]{section.3}{Architektur}{}% 9
\BOOKMARK [2][-]{subsection.3.1}{Client Server Architektur}{section.3}% 10
\BOOKMARK [1][-]{section.4}{Implementation}{}% 11
\BOOKMARK [2][-]{subsection.4.1}{Firebase Projekt erstellen}{section.4}% 12
\BOOKMARK [2][-]{subsection.4.2}{Adroid App Projekt erstellen}{section.4}% 13
\BOOKMARK [2][-]{subsection.4.3}{Firebase mit Projekt verbinden}{section.4}% 14
\BOOKMARK [2][-]{subsection.4.4}{Firebase auf Testverion setzen}{section.4}% 15
\BOOKMARK [2][-]{subsection.4.5}{build.Gradle}{section.4}% 16
\BOOKMARK [2][-]{subsection.4.6}{Internetzugriff}{section.4}% 17
\BOOKMARK [2][-]{subsection.4.7}{Strings.xml}{section.4}% 18
\BOOKMARK [2][-]{subsection.4.8}{Main Activity}{section.4}% 19
\BOOKMARK [3][-]{subsubsection.4.8.1}{Main Activity Layout}{subsection.4.8}% 20
\BOOKMARK [3][-]{subsubsection.4.8.2}{Main Activity Java}{subsection.4.8}% 21
\BOOKMARK [2][-]{subsection.4.9}{RecyclerView}{section.4}% 22
\BOOKMARK [3][-]{subsubsection.4.9.1}{RecyclerViewHolders.java}{subsection.4.9}% 23
\BOOKMARK [2][-]{subsection.4.10}{List View}{section.4}% 24
\BOOKMARK [3][-]{subsubsection.4.10.1}{Custom Icons}{subsection.4.10}% 25
\BOOKMARK [2][-]{subsection.4.11}{Task}{section.4}% 26
\BOOKMARK [1][-]{section.5}{Ausf\374hren}{}% 27
\BOOKMARK [2][-]{subsection.5.1}{Emulator}{section.5}% 28
\BOOKMARK [2][-]{subsection.5.2}{Firebase Konsole}{section.5}% 29
\BOOKMARK [2][-]{subsection.5.3}{APK}{section.5}% 30
